# JRE version: OpenJDK Runtime Environment Temurin-21.0.10+7 (21.0.10+7) (build 21.0.10+7-LTS)
# Java VM: OpenJDK 64-Bit Server VM Temurin-21.0.10+7 (21.0.10+7-LTS, mixed mode, sharing, tiered, compressed oops, compressed class ptrs, parallel gc, windows-amd64)
GC Precious Log:
 CardTable entry size: 512
 CPUs: 4 total, 4 available
 Memory: 7971M
 Large Page Support: Disabled
 NUMA Support: Disabled
 Compressed Oops: Enabled (32-bit)
 Alignments: Space 512K, Generation 512K, Heap 2M
 Heap Min Capacity: 100M
 Heap Initial Capacity: 100M
 Heap Max Capacity: 2G
 Pre-touch: Disabled
 Parallel Workers: 4
Heap:
 PSYoungGen      total 19968K, used 3626K [0x00000000d5580000, 0x00000000d6b00000, 0x0000000100000000)
  eden space 19456K, 16% used [0x00000000d5580000,0x00000000d58ba958,0x00000000d6880000)
  from space 512K, 62% used [0x00000000d6880000,0x00000000d68d0020,0x00000000d6900000)
  to   space 1024K, 0% used [0x00000000d6a00000,0x00000000d6a00000,0x00000000d6b00000)
 ParOldGen       total 73216K, used 72807K [0x0000000080000000, 0x0000000084780000, 0x00000000d5580000)
  object space 73216K, 99% used [0x0000000080000000,0x0000000084719f00,0x0000000084780000)
 Metaspace       used 67172K, committed 68672K, reserved 1114112K
  class space    used 7165K, committed 7808K, reserved 1048576K
GC Heap History (20 events):
Event: 56.138 GC heap before
{Heap before GC invocations=55 (full 3):
 PSYoungGen      total 21504K, used 21248K [0x00000000d5580000, 0x00000000d6c00000, 0x0000000100000000)
  eden space 20480K, 100% used [0x00000000d5580000,0x00000000d6980000,0x00000000d6980000)
  from space 1024K, 75% used [0x00000000d6a80000,0x00000000d6b40000,0x00000000d6b80000)
  to   space 512K, 0% used [0x00000000d6b80000,0x00000000d6b80000,0x00000000d6c00000)
 ParOldGen       total 68608K, used 63721K [0x0000000080000000, 0x0000000084300000, 0x00000000d5580000)
  object space 68608K, 92% used [0x0000000080000000,0x0000000083e3a490,0x0000000084300000)
 Metaspace       used 63308K, committed 64768K, reserved 1114112K
  class space    used 6863K, committed 7488K, reserved 1048576K
}
Event: 56.141 GC heap after
{Heap after GC invocations=55 (full 3):
 PSYoungGen      total 20480K, used 512K [0x00000000d5580000, 0x00000000d6e80000, 0x0000000100000000)
  eden space 19968K, 0% used [0x00000000d5580000,0x00000000d5580000,0x00000000d6900000)
  from space 512K, 100% used [0x00000000d6b80000,0x00000000d6c00000,0x00000000d6c00000)
  to   space 2560K, 0% used [0x00000000d6900000,0x00000000d6900000,0x00000000d6b80000)
 ParOldGen       total 68608K, used 65304K [0x0000000080000000, 0x0000000084300000, 0x00000000d5580000)
  object space 68608K, 95% used [0x0000000080000000,0x0000000083fc60a0,0x0000000084300000)
 Metaspace       used 63308K, committed 64768K, reserved 1114112K
  class space    used 6863K, committed 7488K, reserved 1048576K
}
Event: 56.246 GC heap before
{Heap before GC invocations=56 (full 3):
 PSYoungGen      total 20480K, used 20480K [0x00000000d5580000, 0x00000000d6e80000, 0x0000000100000000)
  eden space 19968K, 100% used [0x00000000d5580000,0x00000000d6900000,0x00000000d6900000)
  from space 512K, 100% used [0x00000000d6b80000,0x00000000d6c00000,0x00000000d6c00000)
  to   space 2560K, 0% used [0x00000000d6900000,0x00000000d6900000,0x00000000d6b80000)
 ParOldGen       total 68608K, used 65304K [0x0000000080000000, 0x0000000084300000, 0x00000000d5580000)
  object space 68608K, 95% used [0x0000000080000000,0x0000000083fc60a0,0x0000000084300000)
 Metaspace       used 63331K, committed 64832K, reserved 1114112K
  class space    used 6864K, committed 7488K, reserved 1048576K
}
Event: 56.247 GC heap after
{Heap after GC invocations=56 (full 3):
 PSYoungGen      total 21504K, used 1088K [0x00000000d5580000, 0x00000000d6c00000, 0x0000000100000000)
  eden space 19968K, 0% used [0x00000000d5580000,0x00000000d5580000,0x00000000d6900000)
  from space 1536K, 70% used [0x00000000d6900000,0x00000000d6a10000,0x00000000d6a80000)
  to   space 1536K, 0% used [0x00000000d6a80000,0x00000000d6a80000,0x00000000d6c00000)
 ParOldGen       total 68608K, used 65810K [0x0000000080000000, 0x0000000084300000, 0x00000000d5580000)
  object space 68608K, 95% used [0x0000000080000000,0x0000000084044bb8,0x0000000084300000)
 Metaspace       used 63331K, committed 64832K, reserved 1114112K
  class space    used 6864K, committed 7488K, reserved 1048576K
}
Event: 56.566 GC heap before
{Heap before GC invocations=57 (full 3):
 PSYoungGen      total 21504K, used 21056K [0x00000000d5580000, 0x00000000d6c00000, 0x0000000100000000)
  eden space 19968K, 100% used [0x00000000d5580000,0x00000000d6900000,0x00000000d6900000)
  from space 1536K, 70% used [0x00000000d6900000,0x00000000d6a10000,0x00000000d6a80000)
  to   space 1536K, 0% used [0x00000000d6a80000,0x00000000d6a80000,0x00000000d6c00000)
 ParOldGen       total 68608K, used 65810K [0x0000000080000000, 0x0000000084300000, 0x00000000d5580000)
  object space 68608K, 95% used [0x0000000080000000,0x0000000084044bb8,0x0000000084300000)
 Metaspace       used 63414K, committed 64960K, reserved 1114112K
  class space    used 6864K, committed 7488K, reserved 1048576K
}
Event: 56.570 GC heap after
{Heap after GC invocations=57 (full 3):
 PSYoungGen      total 21504K, used 1324K [0x00000000d5580000, 0x00000000d6c00000, 0x0000000100000000)
  eden space 19968K, 0% used [0x00000000d5580000,0x00000000d5580000,0x00000000d6900000)
  from space 1536K, 86% used [0x00000000d6a80000,0x00000000d6bcb138,0x00000000d6c00000)
  to   space 1536K, 0% used [0x00000000d6900000,0x00000000d6900000,0x00000000d6a80000)
 ParOldGen       total 68608K, used 66426K [0x0000000080000000, 0x0000000084300000, 0x00000000d5580000)
  object space 68608K, 96% used [0x0000000080000000,0x00000000840debb8,0x0000000084300000)
 Metaspace       used 63414K, committed 64960K, reserved 1114112K
  class space    used 6864K, committed 7488K, reserved 1048576K
}
Event: 56.981 GC heap before
{Heap before GC invocations=58 (full 3):
 PSYoungGen      total 21504K, used 21292K [0x00000000d5580000, 0x00000000d6c00000, 0x0000000100000000)
  eden space 19968K, 100% used [0x00000000d5580000,0x00000000d6900000,0x00000000d6900000)
  from space 1536K, 86% used [0x00000000d6a80000,0x00000000d6bcb138,0x00000000d6c00000)
  to   space 1536K, 0% used [0x00000000d6900000,0x00000000d6900000,0x00000000d6a80000)
 ParOldGen       total 68608K, used 66426K [0x0000000080000000, 0x0000000084300000, 0x00000000d5580000)
  object space 68608K, 96% used [0x0000000080000000,0x00000000840debb8,0x0000000084300000)
 Metaspace       used 63468K, committed 64960K, reserved 1114112K
  class space    used 6867K, committed 7488K, reserved 1048576K
}
Event: 56.985 GC heap after
{Heap after GC invocations=58 (full 3):
 PSYoungGen      total 20480K, used 512K [0x00000000d5580000, 0x00000000d6b00000, 0x0000000100000000)
  eden space 19968K, 0% used [0x00000000d5580000,0x00000000d5580000,0x00000000d6900000)
  from space 512K, 100% used [0x00000000d6900000,0x00000000d6980000,0x00000000d6980000)
  to   space 1024K, 0% used [0x00000000d6a00000,0x00000000d6a00000,0x00000000d6b00000)
 ParOldGen       total 68608K, used 67388K [0x0000000080000000, 0x0000000084300000, 0x00000000d5580000)
  object space 68608K, 98% used [0x0000000080000000,0x00000000841cf070,0x0000000084300000)
 Metaspace       used 63468K, committed 64960K, reserved 1114112K
  class space    used 6867K, committed 7488K, reserved 1048576K
}
Event: 57.201 GC heap before
{Heap before GC invocations=59 (full 3):
 PSYoungGen      total 20480K, used 20480K [0x00000000d5580000, 0x00000000d6b00000, 0x0000000100000000)
  eden space 19968K, 100% used [0x00000000d5580000,0x00000000d6900000,0x00000000d6900000)
  from space 512K, 100% used [0x00000000d6900000,0x00000000d6980000,0x00000000d6980000)
  to   space 1024K, 0% used [0x00000000d6a00000,0x00000000d6a00000,0x00000000d6b00000)
 ParOldGen       total 68608K, used 67388K [0x0000000080000000, 0x0000000084300000, 0x00000000d5580000)
  object space 68608K, 98% used [0x0000000080000000,0x00000000841cf070,0x0000000084300000)
 Metaspace       used 63506K, committed 65024K, reserved 1114112K
  class space    used 6873K, committed 7488K, reserved 1048576K
}
Event: 57.204 GC heap after
{Heap after GC invocations=59 (full 3):
 PSYoungGen      total 20992K, used 698K [0x00000000d5580000, 0x00000000d6b00000, 0x0000000100000000)
  eden space 19968K, 0% used [0x00000000d5580000,0x00000000d5580000,0x00000000d6900000)
  from space 1024K, 68% used [0x00000000d6a00000,0x00000000d6aae9e0,0x00000000d6b00000)
  to   space 1024K, 0% used [0x00000000d6900000,0x00000000d6900000,0x00000000d6a00000)
 ParOldGen       total 68608K, used 67788K [0x0000000080000000, 0x0000000084300000, 0x00000000d5580000)
  object space 68608K, 98% used [0x0000000080000000,0x0000000084233070,0x0000000084300000)
 Metaspace       used 63506K, committed 65024K, reserved 1114112K
  class space    used 6873K, committed 7488K, reserved 1048576K
}
Event: 57.376 GC heap before
{Heap before GC invocations=60 (full 3):
 PSYoungGen      total 20992K, used 20666K [0x00000000d5580000, 0x00000000d6b00000, 0x0000000100000000)
  eden space 19968K, 100% used [0x00000000d5580000,0x00000000d6900000,0x00000000d6900000)
  from space 1024K, 68% used [0x00000000d6a00000,0x00000000d6aae9e0,0x00000000d6b00000)
  to   space 1024K, 0% used [0x00000000d6900000,0x00000000d6900000,0x00000000d6a00000)
 ParOldGen       total 68608K, used 67788K [0x0000000080000000, 0x0000000084300000, 0x00000000d5580000)
  object space 68608K, 98% used [0x0000000080000000,0x0000000084233070,0x0000000084300000)
 Metaspace       used 63851K, committed 65344K, reserved 1114112K
  class space    used 6903K, committed 7552K, reserved 1048576K
}
Event: 57.379 GC heap after
{Heap after GC invocations=60 (full 3):
 PSYoungGen      total 20992K, used 954K [0x00000000d5580000, 0x00000000d6b00000, 0x0000000100000000)
  eden space 19968K, 0% used [0x00000000d5580000,0x00000000d5580000,0x00000000d6900000)
  from space 1024K, 93% used [0x00000000d6900000,0x00000000d69eeb60,0x00000000d6a00000)
  to   space 1024K, 0% used [0x00000000d6a00000,0x00000000d6a00000,0x00000000d6b00000)
 ParOldGen       total 68608K, used 68426K [0x0000000080000000, 0x0000000084300000, 0x00000000d5580000)
  object space 68608K, 99% used [0x0000000080000000,0x00000000842d2bf0,0x0000000084300000)
 Metaspace       used 63851K, committed 65344K, reserved 1114112K
  class space    used 6903K, committed 7552K, reserved 1048576K
}
Event: 57.581 GC heap before
{Heap before GC invocations=61 (full 3):
 PSYoungGen      total 20992K, used 20922K [0x00000000d5580000, 0x00000000d6b00000, 0x0000000100000000)
  eden space 19968K, 100% used [0x00000000d5580000,0x00000000d6900000,0x00000000d6900000)
  from space 1024K, 93% used [0x00000000d6900000,0x00000000d69eeb60,0x00000000d6a00000)
  to   space 1024K, 0% used [0x00000000d6a00000,0x00000000d6a00000,0x00000000d6b00000)
 ParOldGen       total 68608K, used 68426K [0x0000000080000000, 0x0000000084300000, 0x00000000d5580000)
  object space 68608K, 99% used [0x0000000080000000,0x00000000842d2bf0,0x0000000084300000)
 Metaspace       used 63874K, committed 65408K, reserved 1114112K
  class space    used 6906K, committed 7552K, reserved 1048576K
}
Event: 57.585 GC heap after
{Heap after GC invocations=61 (full 3):
 PSYoungGen      total 20992K, used 690K [0x00000000d5580000, 0x00000000d6b00000, 0x0000000100000000)
  eden space 19968K, 0% used [0x00000000d5580000,0x00000000d5580000,0x00000000d6900000)
  from space 1024K, 67% used [0x00000000d6a00000,0x00000000d6aacac0,0x00000000d6b00000)
  to   space 1024K, 0% used [0x00000000d6900000,0x00000000d6900000,0x00000000d6a00000)
 ParOldGen       total 70656K, used 70053K [0x0000000080000000, 0x0000000084500000, 0x00000000d5580000)
  object space 70656K, 99% used [0x0000000080000000,0x0000000084469660,0x0000000084500000)
 Metaspace       used 63874K, committed 65408K, reserved 1114112K
  class space    used 6906K, committed 7552K, reserved 1048576K
}
Event: 57.956 GC heap before
{Heap before GC invocations=62 (full 3):
 PSYoungGen      total 20992K, used 20658K [0x00000000d5580000, 0x00000000d6b00000, 0x0000000100000000)
  eden space 19968K, 100% used [0x00000000d5580000,0x00000000d6900000,0x00000000d6900000)
  from space 1024K, 67% used [0x00000000d6a00000,0x00000000d6aacac0,0x00000000d6b00000)
  to   space 1024K, 0% used [0x00000000d6900000,0x00000000d6900000,0x00000000d6a00000)
 ParOldGen       total 70656K, used 70053K [0x0000000080000000, 0x0000000084500000, 0x00000000d5580000)
  object space 70656K, 99% used [0x0000000080000000,0x0000000084469660,0x0000000084500000)
 Metaspace       used 64869K, committed 66368K, reserved 1114112K
  class space    used 6989K, committed 7616K, reserved 1048576K
}
Event: 57.960 GC heap after
{Heap after GC invocations=62 (full 3):
 PSYoungGen      total 20992K, used 975K [0x00000000d5580000, 0x00000000d6c00000, 0x0000000100000000)
  eden space 19968K, 0% used [0x00000000d5580000,0x00000000d5580000,0x00000000d6900000)
  from space 1024K, 95% used [0x00000000d6900000,0x00000000d69f3f80,0x00000000d6a00000)
  to   space 1536K, 0% used [0x00000000d6a80000,0x00000000d6a80000,0x00000000d6c00000)
 ParOldGen       total 71168K, used 70707K [0x0000000080000000, 0x0000000084580000, 0x00000000d5580000)
  object space 71168K, 99% used [0x0000000080000000,0x000000008450ce28,0x0000000084580000)
 Metaspace       used 64869K, committed 66368K, reserved 1114112K
  class space    used 6989K, committed 7616K, reserved 1048576K
}
Event: 60.082 GC heap before
{Heap before GC invocations=63 (full 3):
 PSYoungGen      total 20992K, used 20943K [0x00000000d5580000, 0x00000000d6c00000, 0x0000000100000000)
  eden space 19968K, 100% used [0x00000000d5580000,0x00000000d6900000,0x00000000d6900000)
  from space 1024K, 95% used [0x00000000d6900000,0x00000000d69f3f80,0x00000000d6a00000)
  to   space 1536K, 0% used [0x00000000d6a80000,0x00000000d6a80000,0x00000000d6c00000)
 ParOldGen       total 71168K, used 70707K [0x0000000080000000, 0x0000000084580000, 0x00000000d5580000)
  object space 71168K, 99% used [0x0000000080000000,0x000000008450ce28,0x0000000084580000)
 Metaspace       used 66596K, committed 68160K, reserved 1114112K
  class space    used 7136K, committed 7808K, reserved 1048576K
}
Event: 60.087 GC heap after
{Heap after GC invocations=63 (full 3):
 PSYoungGen      total 20992K, used 1470K [0x00000000d5580000, 0x00000000d6d00000, 0x0000000100000000)
  eden space 19456K, 0% used [0x00000000d5580000,0x00000000d5580000,0x00000000d6880000)
  from space 1536K, 95% used [0x00000000d6a80000,0x00000000d6befb90,0x00000000d6c00000)
  to   space 2048K, 0% used [0x00000000d6880000,0x00000000d6880000,0x00000000d6a80000)
 ParOldGen       total 71680K, used 71583K [0x0000000080000000, 0x0000000084600000, 0x00000000d5580000)
  object space 71680K, 99% used [0x0000000080000000,0x00000000845e7c28,0x0000000084600000)
 Metaspace       used 66596K, committed 68160K, reserved 1114112K
  class space    used 7136K, committed 7808K, reserved 1048576K
}
Event: 64.909 GC heap before
{Heap before GC invocations=64 (full 3):
 PSYoungGen      total 20992K, used 20926K [0x00000000d5580000, 0x00000000d6d00000, 0x0000000100000000)
  eden space 19456K, 100% used [0x00000000d5580000,0x00000000d6880000,0x00000000d6880000)
  from space 1536K, 95% used [0x00000000d6a80000,0x00000000d6befb90,0x00000000d6c00000)
  to   space 2048K, 0% used [0x00000000d6880000,0x00000000d6880000,0x00000000d6a80000)
 ParOldGen       total 71680K, used 71583K [0x0000000080000000, 0x0000000084600000, 0x00000000d5580000)
  object space 71680K, 99% used [0x0000000080000000,0x00000000845e7c28,0x0000000084600000)
 Metaspace       used 66989K, committed 68480K, reserved 1114112K
  class space    used 7155K, committed 7808K, reserved 1048576K
}
Event: 64.913 GC heap after
{Heap after GC invocations=64 (full 3):
 PSYoungGen      total 19968K, used 320K [0x00000000d5580000, 0x00000000d6b00000, 0x0000000100000000)
  eden space 19456K, 0% used [0x00000000d5580000,0x00000000d5580000,0x00000000d6880000)
  from space 512K, 62% used [0x00000000d6880000,0x00000000d68d0020,0x00000000d6900000)
  to   space 1024K, 0% used [0x00000000d6a00000,0x00000000d6a00000,0x00000000d6b00000)
 ParOldGen       total 73216K, used 72807K [0x0000000080000000, 0x0000000084780000, 0x00000000d5580000)
  object space 73216K, 99% used [0x0000000080000000,0x0000000084719f00,0x0000000084780000)
 Metaspace       used 66989K, committed 68480K, reserved 1114112K
  class space    used 7155K, committed 7808K, reserved 1048576K
}

